This is pdfTeX, Version 3.141592-1.40.3 (MiKTeX 2.6) (preloaded format=pdflatex 2007.5.13)  16 APR 2009 11:07
entering extended mode
**diplarb.log
(diplarb.log
LaTeX2e <2005/12/01>
Babel <v3.8g> and hyphenation patterns for english, dumylang, nohyphenation, ge
rman, ngerman, french, loaded.
)
*
! Emergency stop.
<*> diplarb.log
               
End of file on the terminal!

 
Here is how much of TeX's memory you used:
 7 strings out of 95294
 90 string characters out of 1185002
 44877 words of memory out of 1048577
 3297 multiletter control sequences out of 60000
 3640 words of font info for 14 fonts, out of 1000000 for 2000
 14 hyphenation exceptions out of 8191
 5i,0n,1p,1b,8s stack positions out of 5000i,500n,10000p,200000b,32768s
!  ==> Fatal error occurred, no output PDF file produced!
