This is e-TeX, Version 3.141592-2.2 (MiKTeX 2.4) (preloaded format=latex 2005.6.23)  23 JUN 2005 18:18
entering extended mode
**PalladioCM.tex
(PalladioCM.tex
LaTeX2e <2003/12/01>
Babel <v3.8a> and hyphenation patterns for english, french, german, ngerman, du
mylang, nohyphenation, loaded.
(llncs.cls
Document Class: llncs 2002/01/28 v2.13 
 LaTeX document class for Lecture Notes in Computer Science
(C:\texmf\miktex\bin\..\..\tex\latex\base\article.cls
Document Class: article 2004/02/16 v1.4f Standard LaTeX document class
(C:\texmf\miktex\bin\..\..\tex\latex\base\size10.clo
File: size10.clo 2004/02/16 v1.4f Standard LaTeX file (size option)
)
\c@part=\count79
\c@section=\count80
\c@subsection=\count81
\c@subsubsection=\count82
\c@paragraph=\count83
\c@subparagraph=\count84
\c@figure=\count85
\c@table=\count86
\abovecaptionskip=\skip41
\belowcaptionskip=\skip42
\bibindent=\dimen102
)
(C:\texmf\miktex\bin\..\..\tex\latex\tools\multicol.sty
Package: multicol 2004/02/14 v1.6e multicolumn formatting (FMi)
\c@tracingmulticols=\count87
\mult@box=\box26
\multicol@leftmargin=\dimen103
\c@unbalance=\count88
\c@collectmore=\count89
\doublecol@number=\count90
\multicoltolerance=\count91
\multicolpretolerance=\count92
\full@width=\dimen104
\page@free=\dimen105
\premulticols=\dimen106
\postmulticols=\dimen107
\multicolsep=\skip43
\multicolbaselineskip=\skip44
\partial@page=\box27
\last@line=\box28
\mult@rightbox=\box29
\mult@grightbox=\box30
\mult@gfirstbox=\box31
\mult@firstbox=\box32
\@tempa=\box33
\@tempa=\box34
\@tempa=\box35
\@tempa=\box36
\@tempa=\box37
\@tempa=\box38
\@tempa=\box39
\@tempa=\box40
\@tempa=\box41
\@tempa=\box42
\@tempa=\box43
\@tempa=\box44
\@tempa=\box45
\@tempa=\box46
\@tempa=\box47
\@tempa=\box48
\@tempa=\box49
\c@columnbadness=\count93
\c@finalcolumnbadness=\count94
\last@try=\dimen108
\multicolovershoot=\dimen109
\multicolundershoot=\dimen110
\mult@nat@firstbox=\box50
\colbreak@box=\box51
)
\c@chapter=\count95
LaTeX Font Info:    Redeclaring math symbol \Gamma on input line 360.
LaTeX Font Info:    Redeclaring math symbol \Delta on input line 361.
LaTeX Font Info:    Redeclaring math symbol \Theta on input line 362.
LaTeX Font Info:    Redeclaring math symbol \Lambda on input line 363.
LaTeX Font Info:    Redeclaring math symbol \Xi on input line 364.
LaTeX Font Info:    Redeclaring math symbol \Pi on input line 365.
LaTeX Font Info:    Redeclaring math symbol \Sigma on input line 366.
LaTeX Font Info:    Redeclaring math symbol \Upsilon on input line 367.
LaTeX Font Info:    Redeclaring math symbol \Phi on input line 368.
LaTeX Font Info:    Redeclaring math symbol \Psi on input line 369.
LaTeX Font Info:    Redeclaring math symbol \Omega on input line 370.
\tocchpnum=\dimen111
\tocsecnum=\dimen112
\tocsectotal=\dimen113
\tocsubsecnum=\dimen114
\tocsubsectotal=\dimen115
\tocsubsubsecnum=\dimen116
\tocsubsubsectotal=\dimen117
\tocparanum=\dimen118
\tocparatotal=\dimen119
\tocsubparanum=\dimen120
\@tempcntc=\count96
\fnindent=\dimen121
\c@@inst=\count97
\c@@auth=\count98
\c@auco=\count99
\instindent=\dimen122
\authrun=\box52
\authorrunning=\toks14
\tocauthor=\toks15
\titrun=\box53
\titlerunning=\toks16
\toctitle=\toks17
\c@theorem=\count100
\c@case=\count101
\c@conjecture=\count102
\c@corollary=\count103
\c@definition=\count104
\c@example=\count105
\c@exercise=\count106
\c@lemma=\count107
\c@note=\count108
\c@problem=\count109
\c@property=\count110
\c@proposition=\count111
\c@question=\count112
\c@solution=\count113
\c@remark=\count114
\headlineindent=\dimen123
)
(C:\texmf\miktex\bin\..\..\tex\latex\graphics\graphicx.sty
Package: graphicx 1999/02/16 v1.0f Enhanced LaTeX Graphics (DPC,SPQR)

(C:\texmf\miktex\bin\..\..\tex\latex\graphics\keyval.sty
Package: keyval 1999/03/16 v1.13 key=value parser (DPC)
\KV@toks@=\toks18
)
(C:\texmf\miktex\bin\..\..\tex\latex\graphics\graphics.sty
Package: graphics 2001/07/07 v1.0n Standard LaTeX Graphics (DPC,SPQR)

(C:\texmf\miktex\bin\..\..\tex\latex\graphics\trig.sty
Package: trig 1999/03/16 v1.09 sin cos tan (DPC)
)
(C:\texmf\miktex\bin\..\..\tex\latex\00miktex\graphics.cfg
File: graphics.cfg 2003/03/12 v1.1 MiKTeX 'graphics' configuration
)
Package graphics Info: Driver file: dvips.def on input line 80.

(C:\texmf\miktex\bin\..\..\tex\latex\graphics\dvips.def
File: dvips.def 1999/02/16 v3.0i Driver-dependant file (DPC,SPQR)
))
\Gin@req@height=\dimen124
\Gin@req@width=\dimen125
)
(C:\texmf\miktex\bin\..\..\tex\latex\psnfss\times.sty
Package: times 2004/01/26 PSNFSS-v9.1b (SPQR) 
)
(C:\texmf\miktex\bin\..\..\tex\latex\base\t1enc.sty
Package: t1enc 1994/06/01 Standard LaTeX package
)
(C:\texmf\miktex\bin\..\..\tex\latex\graphics\epsfig.sty
Package: epsfig 1999/02/16 v1.7a (e)psfig emulation (SPQR)
\epsfxsize=\dimen126
\epsfysize=\dimen127
)
(C:\texmf\miktex\bin\..\..\tex\latex\subfigure\subfigure.sty
Package: subfigure 2002/07/30 v2.1.4 subfigure package
\subfigtopskip=\skip45
\subfigcapskip=\skip46
\subfigcaptopadj=\dimen128
\subfigbottomskip=\skip47
\subfigcapmargin=\dimen129
\subfiglabelskip=\skip48
\c@subfigure=\count115
\c@lofdepth=\count116
\c@subtable=\count117
\c@lotdepth=\count118

****************************************
* Local config file subfigure.cfg used *
****************************************
(C:\texmf\miktex\bin\..\..\tex\latex\subfigure\subfigure.cfg)
\subfig@top=\skip49
\subfig@bottom=\skip50
)
(C:\texmf\miktex\bin\..\..\tex\latex\fancyvrb\fancyvrb.sty
Package: fancyvrb 1998/07/17

Style option: `fancyvrb' v2.6, with DG/SPQR fixes <1998/07/17> (tvz)
\FV@CodeLineNo=\count119
\FV@InFile=\read1
\FV@TabBox=\box54
\c@FancyVerbLine=\count120
\FV@StepNumber=\count121
\FV@OutFile=\write3

No file fancyvrb.cfg.
) (C:\texmf\miktex\bin\..\..\tex\latex\float\float.sty
Package: float 2001/11/08 v1.3d Float enhancements (AL)
\c@float@type=\count122
\float@exts=\toks19
\float@box=\box55
\@float@everytoks=\toks20
\@floatcapt=\box56
)
\@float@every@codesample=\toks21
\c@codesample=\count123
 (PalladioCM.aux)
LaTeX Font Info:    Checking defaults for OML/cmm/m/it on input line 25.
LaTeX Font Info:    ... okay on input line 25.
LaTeX Font Info:    Checking defaults for T1/cmr/m/n on input line 25.
LaTeX Font Info:    ... okay on input line 25.
LaTeX Font Info:    Checking defaults for OT1/cmr/m/n on input line 25.
LaTeX Font Info:    ... okay on input line 25.
LaTeX Font Info:    Checking defaults for OMS/cmsy/m/n on input line 25.
LaTeX Font Info:    ... okay on input line 25.
LaTeX Font Info:    Checking defaults for OMX/cmex/m/n on input line 25.
LaTeX Font Info:    ... okay on input line 25.
LaTeX Font Info:    Checking defaults for U/cmr/m/n on input line 25.
LaTeX Font Info:    ... okay on input line 25.
LaTeX Font Info:    Try loading font information for T1+ptm on input line 25.

(C:\texmf\miktex\bin\..\..\tex\latex\psnfss\t1ptm.fd
File: t1ptm.fd 2001/06/04 font definitions for T1/ptm.
)
LaTeX Font Info:    Font shape `T1/ptm/bx/n' in size <14.4> not available
(Font)              Font shape `T1/ptm/b/n' tried instead on input line 38.
LaTeX Font Info:    External font `cmex10' loaded for size
(Font)              <7> on input line 38.
LaTeX Font Info:    External font `cmex10' loaded for size
(Font)              <5> on input line 38.
LaTeX Font Info:    Try loading font information for T1+pcr on input line 38.

(C:\texmf\miktex\bin\..\..\tex\latex\psnfss\t1pcr.fd
File: t1pcr.fd 2001/06/04 font definitions for T1/pcr.
)
LaTeX Font Info:    Font shape `T1/ptm/bx/n' in size <9> not available
(Font)              Font shape `T1/ptm/b/n' tried instead on input line 40.
LaTeX Font Info:    Font shape `T1/ptm/bx/n' in size <12> not available
(Font)              Font shape `T1/ptm/b/n' tried instead on input line 46.
 [1

]

! LaTeX Error: Cannot determine size of graphic in images/architectural-blocks0
1.pdf (no BoundingBox).

See the LaTeX manual or LaTeX Companion for explanation.
Type  H <return>  for immediate help.
 ...                                              
                                                  
l.66 ...twidth]{images/architectural-blocks01.pdf}
                                                  
Try typing  <return>  to proceed.
If that doesn't work, type  X <return>  to quit.

File: images/architectural-blocks01.pdf Graphic file (type eps)
<images/architectural-blocks01.pdf>
LaTeX Font Info:    Font shape `T1/ptm/bx/n' in size <10> not available
(Font)              Font shape `T1/ptm/b/n' tried instead on input line 72.
 [2]

LaTeX Warning: Citation `carnegie' on page 3 undefined on input line 86.

[3]

! LaTeX Error: Cannot determine size of graphic in images/connections01.pdf (no
 BoundingBox).

See the LaTeX manual or LaTeX Companion for explanation.
Type  H <return>  for immediate help.
 ...                                              
                                                  
l.102 ...0.60\textwidth]{images/connections01.pdf}
                                                  
Try typing  <return>  to proceed.
If that doesn't work, type  X <return>  to quit.

File: images/connections01.pdf Graphic file (type eps)
<images/connections01.pdf> [4]

! LaTeX Error: Cannot determine size of graphic in images/service-effect01.pdf 
(no BoundingBox).

See the LaTeX manual or LaTeX Companion for explanation.
Type  H <return>  for immediate help.
 ...                                              
                                                  
l.124 ...0\textwidth]{images/service-effect01.pdf}
                                                  
Try typing  <return>  to proceed.
If that doesn't work, type  X <return>  to quit.

File: images/service-effect01.pdf Graphic file (type eps)
<images/service-effect01.pdf>

! LaTeX Error: Cannot determine size of graphic in images/provides-protocol01.p
df (no BoundingBox).

See the LaTeX manual or LaTeX Companion for explanation.
Type  H <return>  for immediate help.
 ...                                              
                                                  
l.143 ...extwidth]{images/provides-protocol01.pdf}
                                                  
Try typing  <return>  to proceed.
If that doesn't work, type  X <return>  to quit.

File: images/provides-protocol01.pdf Graphic file (type eps)
<images/provides-protocol01.pdf> [5] [6]

! LaTeX Error: Cannot determine size of graphic in images/GUID01.pdf (no Boundi
ngBox).

See the LaTeX manual or LaTeX Companion for explanation.
Type  H <return>  for immediate help.
 ...                                              
                                                  
l.176 ...[width=0.50\textwidth]{images/GUID01.pdf}
                                                  
Try typing  <return>  to proceed.
If that doesn't work, type  X <return>  to quit.

File: images/GUID01.pdf Graphic file (type eps)
<images/GUID01.pdf>
Underfull \vbox (badness 3568) has occurred while \output is active []

 [7]

! LaTeX Error: Cannot determine size of graphic in images/meta-scheme-implement
ation-layers01.pdf (no BoundingBox).

See the LaTeX manual or LaTeX Companion for explanation.
Type  H <return>  for immediate help.
 ...                                              
                                                  
l.199 .../meta-scheme-implementation-layers01.pdf}
                                                  
Try typing  <return>  to proceed.
If that doesn't work, type  X <return>  to quit.

File: images/meta-scheme-implementation-layers01.pdf Graphic file (type eps)
<images/meta-scheme-implementation-layers01.pdf> [8]
Overfull \hbox (2.66353pt too wide) in paragraph at lines 224--225
[][]\T1/ptm/m/n/10 The \T1/ptm/m/it/10 de-ploy-ment \T1/ptm/m/n/10 of the com-p
o-nents. It is not com-mited which hardware-environment
 []

[9]

! LaTeX Error: Cannot determine size of graphic in images/attributes-example01.
pdf (no BoundingBox).

See the LaTeX manual or LaTeX Companion for explanation.
Type  H <return>  for immediate help.
 ...                                              
                                                  
l.249 ...xtwidth]{images/attributes-example01.pdf}
                                                  
Try typing  <return>  to proceed.
If that doesn't work, type  X <return>  to quit.

File: images/attributes-example01.pdf Graphic file (type eps)
<images/attributes-example01.pdf> [10] [11]
Overfull \hbox (5.66588pt too wide) in paragraph at lines 284--285
[][]\T1/ptm/m/n/10 The cal-cu-la-tion is il-lus-trated in fig-ure 8[]. In the e
x-am-ple a au-toma-ton with $\OML/cmm/m/it/10 "$\T1/ptm/m/n/10 -transitions
 []


! LaTeX Error: Cannot determine size of graphic in images/requires-protocol01.p
df (no BoundingBox).

See the LaTeX manual or LaTeX Companion for explanation.
Type  H <return>  for immediate help.
 ...                                              
                                                  
l.288 ...extwidth]{images/requires-protocol01.pdf}
                                                  
Try typing  <return>  to proceed.
If that doesn't work, type  X <return>  to quit.

File: images/requires-protocol01.pdf Graphic file (type eps)
<images/requires-protocol01.pdf>

! LaTeX Error: Cannot determine size of graphic in images/level-example01.pdf (
no BoundingBox).

See the LaTeX manual or LaTeX Companion for explanation.
Type  H <return>  for immediate help.
 ...                                              
                                                  
l.317 ...00\textwidth]{images/level-example01.pdf}
                                                  
Try typing  <return>  to proceed.
If that doesn't work, type  X <return>  to quit.

File: images/level-example01.pdf Graphic file (type eps)
<images/level-example01.pdf> [12] [13] [14]

LaTeX Warning: Citation `gamma' on page 15 undefined on input line 336.


LaTeX Warning: Citation `gamma' on page 15 undefined on input line 344.

[15]
Overfull \hbox (3.70949pt too wide) in paragraph at lines 355--356
\T1/ptm/m/n/10 sig-na-tures and pro-to-cols are sub-sets ($\OML/cmm/m/it/10 pro
vides interface  \OMS/cmsy/m/n/10   \OML/cmm/m/it/10 requires interface$\T1/pt
m/m/n/10 ).
 []

[16]

! LaTeX Error: Cannot determine size of graphic in images/composite-component01
.pdf (no BoundingBox).

See the LaTeX manual or LaTeX Companion for explanation.
Type  H <return>  for immediate help.
 ...                                              
                                                  
l.398 ...raphics{images/composite-component01.pdf}
                                                  
Try typing  <return>  to proceed.
If that doesn't work, type  X <return>  to quit.

File: images/composite-component01.pdf Graphic file (type eps)
<images/composite-component01.pdf> [17] [18] [19] (PalladioCM.bbl

LaTeX Warning: Empty `thebibliography' environment on input line 21.

) [20] (PalladioCM.aux) ) 
Here is how much of TeX's memory you used:
 1778 strings out of 95898
 21714 string characters out of 1194812
 76147 words of memory out of 1076852
 4714 multiletter control sequences out of 35000
 19797 words of font info for 25 fonts, out of 500000 for 1000
 14 hyphenation exceptions out of 607
 29i,5n,24p,1316b,273s stack positions out of 1500i,500n,5000p,200000b,32768s

Output written on PalladioCM.dvi (20 pages, 47608 bytes).
