<?xml version="1.0" encoding="UTF-8"?>
<trace:TraceModel xmi:version="2.0"
    xmlns:xmi="http://www.omg.org/XMI"
    xmlns:trace="http://www.eclipse.org/gmf/2006/Trace">
  <nodeTraces
      visualID="2110"
      queryText="(let _eClass_:ecore::EClass = modelFacet.metaClass.ecoreClass in _eClass_.ePackage.nsURI = 'http://sdq.ipd.uka.de/PalladioComponentModel/Repository/5.0' and _eClass_.name = 'OperationInterface') and (let _containmentMF_:ecore::EStructuralFeature = modelFacet.containmentMetaFeature.ecoreFeature in (let _eClass_:ecore::EClass = _containmentMF_.eContainingClass in _eClass_.ePackage.nsURI = 'http://sdq.ipd.uka.de/PalladioComponentModel/Repository/5.0' and _eClass_.name = 'Repository') and _containmentMF_.name = 'interfaces__Repository')">
    <nodeLabelTraces
        visualID="5111"
        queryText="true"/>
    <compartmentTraces
        visualID="7109"
        queryText="true"/>
  </nodeTraces>
  <nodeTraces
      visualID="2111"
      queryText="(let _eClass_:ecore::EClass = modelFacet.metaClass.ecoreClass in _eClass_.ePackage.nsURI = 'http://sdq.ipd.uka.de/PalladioComponentModel/Repository/5.0' and _eClass_.name = 'EventGroup') and (let _containmentMF_:ecore::EStructuralFeature = modelFacet.containmentMetaFeature.ecoreFeature in (let _eClass_:ecore::EClass = _containmentMF_.eContainingClass in _eClass_.ePackage.nsURI = 'http://sdq.ipd.uka.de/PalladioComponentModel/Repository/5.0' and _eClass_.name = 'Repository') and _containmentMF_.name = 'interfaces__Repository')">
    <nodeLabelTraces
        visualID="5112"
        queryText="true"/>
    <compartmentTraces
        visualID="7110"
        queryText="true"/>
  </nodeTraces>
  <nodeTraces
      visualID="2112"
      queryText="(let _eClass_:ecore::EClass = modelFacet.metaClass.ecoreClass in _eClass_.ePackage.nsURI = 'http://sdq.ipd.uka.de/PalladioComponentModel/Repository/5.0' and _eClass_.name = 'BasicComponent') and (let _containmentMF_:ecore::EStructuralFeature = modelFacet.containmentMetaFeature.ecoreFeature in (let _eClass_:ecore::EClass = _containmentMF_.eContainingClass in _eClass_.ePackage.nsURI = 'http://sdq.ipd.uka.de/PalladioComponentModel/Repository/5.0' and _eClass_.name = 'Repository') and _containmentMF_.name = 'components__Repository')">
    <nodeLabelTraces
        visualID="5114"
        queryText="true"/>
    <compartmentTraces
        visualID="7111"
        queryText="true"/>
    <compartmentTraces
        visualID="7112"
        queryText="true"/>
    <compartmentTraces
        visualID="7113"
        queryText="true"/>
  </nodeTraces>
  <nodeTraces
      visualID="2113"
      queryText="(let _eClass_:ecore::EClass = modelFacet.metaClass.ecoreClass in _eClass_.ePackage.nsURI = 'http://sdq.ipd.uka.de/PalladioComponentModel/Repository/5.0' and _eClass_.name = 'CompositeComponent') and (let _containmentMF_:ecore::EStructuralFeature = modelFacet.containmentMetaFeature.ecoreFeature in (let _eClass_:ecore::EClass = _containmentMF_.eContainingClass in _eClass_.ePackage.nsURI = 'http://sdq.ipd.uka.de/PalladioComponentModel/Repository/5.0' and _eClass_.name = 'Repository') and _containmentMF_.name = 'components__Repository')">
    <nodeLabelTraces
        visualID="5115"
        queryText="true"/>
  </nodeTraces>
  <nodeTraces
      visualID="2114"
      queryText="(let _eClass_:ecore::EClass = modelFacet.metaClass.ecoreClass in _eClass_.ePackage.nsURI = 'http://sdq.ipd.uka.de/PalladioComponentModel/Repository/5.0' and _eClass_.name = 'CompleteComponentType') and (let _containmentMF_:ecore::EStructuralFeature = modelFacet.containmentMetaFeature.ecoreFeature in (let _eClass_:ecore::EClass = _containmentMF_.eContainingClass in _eClass_.ePackage.nsURI = 'http://sdq.ipd.uka.de/PalladioComponentModel/Repository/5.0' and _eClass_.name = 'Repository') and _containmentMF_.name = 'components__Repository')">
    <nodeLabelTraces
        visualID="5116"
        queryText="true"/>
  </nodeTraces>
  <nodeTraces
      visualID="2115"
      queryText="(let _eClass_:ecore::EClass = modelFacet.metaClass.ecoreClass in _eClass_.ePackage.nsURI = 'http://sdq.ipd.uka.de/PalladioComponentModel/Repository/5.0' and _eClass_.name = 'ProvidesComponentType') and (let _containmentMF_:ecore::EStructuralFeature = modelFacet.containmentMetaFeature.ecoreFeature in (let _eClass_:ecore::EClass = _containmentMF_.eContainingClass in _eClass_.ePackage.nsURI = 'http://sdq.ipd.uka.de/PalladioComponentModel/Repository/5.0' and _eClass_.name = 'Repository') and _containmentMF_.name = 'components__Repository')">
    <nodeLabelTraces
        visualID="5117"
        queryText="true"/>
  </nodeTraces>
  <nodeTraces
      visualID="2116"
      queryText="(let _eClass_:ecore::EClass = modelFacet.metaClass.ecoreClass in _eClass_.ePackage.nsURI = 'http://sdq.ipd.uka.de/PalladioComponentModel/SubSystem/5.0' and _eClass_.name = 'SubSystem') and (let _containmentMF_:ecore::EStructuralFeature = modelFacet.containmentMetaFeature.ecoreFeature in (let _eClass_:ecore::EClass = _containmentMF_.eContainingClass in _eClass_.ePackage.nsURI = 'http://sdq.ipd.uka.de/PalladioComponentModel/Repository/5.0' and _eClass_.name = 'Repository') and _containmentMF_.name = 'components__Repository')">
    <nodeLabelTraces
        visualID="5118"
        queryText="true"/>
  </nodeTraces>
  <nodeTraces
      visualID="2117"
      queryText="(let _eClass_:ecore::EClass = modelFacet.metaClass.ecoreClass in _eClass_.ePackage.nsURI = 'http://sdq.ipd.uka.de/PalladioComponentModel/Repository/5.0' and _eClass_.name = 'InfrastructureInterface') and (let _containmentMF_:ecore::EStructuralFeature = modelFacet.containmentMetaFeature.ecoreFeature in (let _eClass_:ecore::EClass = _containmentMF_.eContainingClass in _eClass_.ePackage.nsURI = 'http://sdq.ipd.uka.de/PalladioComponentModel/Repository/5.0' and _eClass_.name = 'Repository') and _containmentMF_.name = 'interfaces__Repository')">
    <nodeLabelTraces
        visualID="5119"
        queryText="true"/>
    <compartmentTraces
        visualID="7115"
        queryText="true"/>
  </nodeTraces>
  <childNodeTraces
      visualID="3109"
      queryText="(let _eClass_:ecore::EClass = modelFacet.metaClass.ecoreClass in _eClass_.ePackage.nsURI = 'http://sdq.ipd.uka.de/PalladioComponentModel/Repository/5.0' and _eClass_.name = 'OperationSignature') and (let _containmentMF_:ecore::EStructuralFeature = modelFacet.containmentMetaFeature.ecoreFeature in (let _eClass_:ecore::EClass = _containmentMF_.eContainingClass in _eClass_.ePackage.nsURI = 'http://sdq.ipd.uka.de/PalladioComponentModel/Repository/5.0' and _eClass_.name = 'OperationInterface') and _containmentMF_.name = 'signatures__OperationInterface')"/>
  <childNodeTraces
      visualID="3110"
      queryText="(let _eClass_:ecore::EClass = modelFacet.metaClass.ecoreClass in _eClass_.ePackage.nsURI = 'http://sdq.ipd.uka.de/PalladioComponentModel/Repository/5.0' and _eClass_.name = 'EventType') and (let _containmentMF_:ecore::EStructuralFeature = modelFacet.containmentMetaFeature.ecoreFeature in (let _eClass_:ecore::EClass = _containmentMF_.eContainingClass in _eClass_.ePackage.nsURI = 'http://sdq.ipd.uka.de/PalladioComponentModel/Repository/5.0' and _eClass_.name = 'EventGroup') and _containmentMF_.name = 'eventTypes__EventGroup')"/>
  <childNodeTraces
      visualID="3111"
      queryText="(let _eClass_:ecore::EClass = modelFacet.metaClass.ecoreClass in _eClass_.ePackage.nsURI = 'http://sdq.ipd.uka.de/PalladioComponentModel/SEFF/5.0' and _eClass_.name = 'ResourceDemandingSEFF') and (let _containmentMF_:ecore::EStructuralFeature = modelFacet.containmentMetaFeature.ecoreFeature in (let _eClass_:ecore::EClass = _containmentMF_.eContainingClass in _eClass_.ePackage.nsURI = 'http://sdq.ipd.uka.de/PalladioComponentModel/Repository/5.0' and _eClass_.name = 'BasicComponent') and _containmentMF_.name = 'serviceEffectSpecifications__BasicComponent')"/>
  <childNodeTraces
      visualID="3112"
      queryText="(let _eClass_:ecore::EClass = modelFacet.metaClass.ecoreClass in _eClass_.ePackage.nsURI = 'http://sdq.ipd.uka.de/PalladioComponentModel/Repository/5.0' and _eClass_.name = 'PassiveResource') and (let _containmentMF_:ecore::EStructuralFeature = modelFacet.containmentMetaFeature.ecoreFeature in (let _eClass_:ecore::EClass = _containmentMF_.eContainingClass in _eClass_.ePackage.nsURI = 'http://sdq.ipd.uka.de/PalladioComponentModel/Repository/5.0' and _eClass_.name = 'BasicComponent') and _containmentMF_.name = 'passiveResource_BasicComponent')"/>
  <childNodeTraces
      visualID="3113"
      queryText="(let _eClass_:ecore::EClass = modelFacet.metaClass.ecoreClass in _eClass_.ePackage.nsURI = 'http://sdq.ipd.uka.de/PalladioComponentModel/Parameter/5.0' and _eClass_.name = 'VariableUsage') and (let _containmentMF_:ecore::EStructuralFeature = modelFacet.containmentMetaFeature.ecoreFeature in (let _eClass_:ecore::EClass = _containmentMF_.eContainingClass in _eClass_.ePackage.nsURI = 'http://sdq.ipd.uka.de/PalladioComponentModel/Repository/5.0' and _eClass_.name = 'ImplementationComponentType') and _containmentMF_.name = 'componentParameterUsage_ImplementationComponentType')">
    <nodeLabelTraces
        visualID="5113"
        queryText="true"/>
    <compartmentTraces
        visualID="7114"
        queryText="true"/>
  </childNodeTraces>
  <childNodeTraces
      visualID="3114"
      queryText="(let _eClass_:ecore::EClass = modelFacet.metaClass.ecoreClass in _eClass_.ePackage.nsURI = 'http://sdq.ipd.uka.de/PalladioComponentModel/Parameter/5.0' and _eClass_.name = 'VariableCharacterisation') and (let _containmentMF_:ecore::EStructuralFeature = modelFacet.containmentMetaFeature.ecoreFeature in (let _eClass_:ecore::EClass = _containmentMF_.eContainingClass in _eClass_.ePackage.nsURI = 'http://sdq.ipd.uka.de/PalladioComponentModel/Parameter/5.0' and _eClass_.name = 'VariableUsage') and _containmentMF_.name = 'variableCharacterisation_VariableUsage')"/>
  <childNodeTraces
      visualID="3115"
      queryText="(let _eClass_:ecore::EClass = modelFacet.metaClass.ecoreClass in _eClass_.ePackage.nsURI = 'http://sdq.ipd.uka.de/PalladioComponentModel/Repository/5.0' and _eClass_.name = 'InfrastructureSignature') and (let _containmentMF_:ecore::EStructuralFeature = modelFacet.containmentMetaFeature.ecoreFeature in (let _eClass_:ecore::EClass = _containmentMF_.eContainingClass in _eClass_.ePackage.nsURI = 'http://sdq.ipd.uka.de/PalladioComponentModel/Repository/5.0' and _eClass_.name = 'InfrastructureInterface') and _containmentMF_.name = 'infrastructureSignatures__InfrastructureInterface')"/>
  <linkTraces
      visualID="4113"
      queryText="modelFacet.oclIsKindOf(gmfgen::TypeLinkModelFacet) and (let _eClass_:ecore::EClass = modelFacet.oclAsType(gmfgen::TypeLinkModelFacet).metaClass.ecoreClass in _eClass_.ePackage.nsURI = 'http://sdq.ipd.uka.de/PalladioComponentModel/Repository/5.0' and _eClass_.name = 'OperationProvidedRole')">
    <linkLabelTraces
        visualID="6113"
        queryText="true"/>
  </linkTraces>
  <linkTraces
      visualID="4114"
      queryText="modelFacet.oclIsKindOf(gmfgen::TypeLinkModelFacet) and (let _eClass_:ecore::EClass = modelFacet.oclAsType(gmfgen::TypeLinkModelFacet).metaClass.ecoreClass in _eClass_.ePackage.nsURI = 'http://sdq.ipd.uka.de/PalladioComponentModel/Repository/5.0' and _eClass_.name = 'InfrastructureProvidedRole')">
    <linkLabelTraces
        visualID="6114"
        queryText="true"/>
  </linkTraces>
  <linkTraces
      visualID="4115"
      queryText="modelFacet.oclIsKindOf(gmfgen::TypeLinkModelFacet) and (let _eClass_:ecore::EClass = modelFacet.oclAsType(gmfgen::TypeLinkModelFacet).metaClass.ecoreClass in _eClass_.ePackage.nsURI = 'http://sdq.ipd.uka.de/PalladioComponentModel/Repository/5.0' and _eClass_.name = 'InfrastructureRequiredRole')">
    <linkLabelTraces
        visualID="6115"
        queryText="true"/>
  </linkTraces>
  <linkTraces
      visualID="4116"
      queryText="modelFacet.oclIsKindOf(gmfgen::TypeLinkModelFacet) and (let _eClass_:ecore::EClass = modelFacet.oclAsType(gmfgen::TypeLinkModelFacet).metaClass.ecoreClass in _eClass_.ePackage.nsURI = 'http://sdq.ipd.uka.de/PalladioComponentModel/Repository/5.0' and _eClass_.name = 'SinkRole')">
    <linkLabelTraces
        visualID="6116"
        queryText="true"/>
  </linkTraces>
  <linkTraces
      visualID="4117"
      queryText="modelFacet.oclIsKindOf(gmfgen::TypeLinkModelFacet) and (let _eClass_:ecore::EClass = modelFacet.oclAsType(gmfgen::TypeLinkModelFacet).metaClass.ecoreClass in _eClass_.ePackage.nsURI = 'http://sdq.ipd.uka.de/PalladioComponentModel/Repository/5.0' and _eClass_.name = 'OperationRequiredRole')">
    <linkLabelTraces
        visualID="6117"
        queryText="true"/>
  </linkTraces>
  <linkTraces
      visualID="4118"
      queryText="modelFacet.oclIsKindOf(gmfgen::FeatureLinkModelFacet) and (let _feature_:ecore::EStructuralFeature = modelFacet.oclAsType(gmfgen::FeatureLinkModelFacet).metaFeature.ecoreFeature in (let _eClass_:ecore::EClass = _feature_.eContainingClass in _eClass_.ePackage.nsURI = 'http://sdq.ipd.uka.de/PalladioComponentModel/Repository/5.0' and _eClass_.name = 'ImplementationComponentType') and _feature_.name = 'parentCompleteComponentTypes')">
    <linkLabelTraces
        visualID="6118"
        queryText="true"/>
  </linkTraces>
  <linkTraces
      visualID="4119"
      queryText="modelFacet.oclIsKindOf(gmfgen::FeatureLinkModelFacet) and (let _feature_:ecore::EStructuralFeature = modelFacet.oclAsType(gmfgen::FeatureLinkModelFacet).metaFeature.ecoreFeature in (let _eClass_:ecore::EClass = _feature_.eContainingClass in _eClass_.ePackage.nsURI = 'http://sdq.ipd.uka.de/PalladioComponentModel/Repository/5.0' and _eClass_.name = 'CompleteComponentType') and _feature_.name = 'parentProvidesComponentTypes')">
    <linkLabelTraces
        visualID="6119"
        queryText="true"/>
  </linkTraces>
  <linkTraces
      visualID="4120"
      queryText="modelFacet.oclIsKindOf(gmfgen::TypeLinkModelFacet) and (let _eClass_:ecore::EClass = modelFacet.oclAsType(gmfgen::TypeLinkModelFacet).metaClass.ecoreClass in _eClass_.ePackage.nsURI = 'http://sdq.ipd.uka.de/PalladioComponentModel/Repository/5.0' and _eClass_.name = 'SourceRole')">
    <linkLabelTraces
        visualID="6120"
        queryText="true"/>
  </linkTraces>
  <linkTraces
      visualID="4123"
      queryText="modelFacet.oclIsKindOf(gmfgen::FeatureLinkModelFacet) and (let _feature_:ecore::EStructuralFeature = modelFacet.oclAsType(gmfgen::FeatureLinkModelFacet).metaFeature.ecoreFeature in (let _eClass_:ecore::EClass = _feature_.eContainingClass in _eClass_.ePackage.nsURI = 'http://sdq.ipd.uka.de/PalladioComponentModel/Repository/5.0' and _eClass_.name = 'Interface') and _feature_.name = 'parentInterfaces__Interface')">
    <linkLabelTraces
        visualID="6123"
        queryText="true"/>
  </linkTraces>
</trace:TraceModel>
