\BOOKMARK [0][]{Inhaltsverzeichnis.0}{Inhaltsverzeichnis}{}
\BOOKMARK [0][]{chapter.1}{1 Einleitung}{}
\BOOKMARK [1][-]{section.1.1}{1.1 Motivation}{chapter.1}
\BOOKMARK [1][-]{section.1.2}{1.2 Ziele und Aufgabenstellung}{chapter.1}
\BOOKMARK [1][-]{section.1.3}{1.3 Grundlagen}{chapter.1}
\BOOKMARK [0][]{chapter.2}{2 Konzeption}{}
\BOOKMARK [1][-]{section.2.1}{2.1 Formale Definition}{chapter.2}
\BOOKMARK [1][-]{section.2.2}{2.2 Analyse}{chapter.2}
\BOOKMARK [1][-]{section.2.3}{2.3 Architektur}{chapter.2}
\BOOKMARK [1][-]{section.2.4}{2.4 Erwartete Qualit\344tsmerkmale}{chapter.2}
\BOOKMARK [1][-]{section.2.5}{2.5 Risiko}{chapter.2}
\BOOKMARK [0][]{chapter.3}{3 Durchf\374hrung}{}
\BOOKMARK [1][-]{section.3.1}{3.1 Organisatorisches}{chapter.3}
\BOOKMARK [1][-]{section.3.2}{3.2 Entwicklungsumgebung}{chapter.3}
\BOOKMARK [1][-]{section.3.3}{3.3 Artefakte}{chapter.3}
\BOOKMARK [1][-]{section.3.4}{3.4 Zeitplan}{chapter.3}
\BOOKMARK [2][-]{subsection.3.4.1}{3.4.1 Ausarbeitungsphase}{section.3.4}
\BOOKMARK [2][-]{subsection.3.4.2}{3.4.2 Formalisierung-Phase}{section.3.4}
\BOOKMARK [2][-]{subsection.3.4.3}{3.4.3 Entwicklungsphase}{section.3.4}
\BOOKMARK [2][-]{subsection.3.4.4}{3.4.4 Puffer}{section.3.4}
\BOOKMARK [2][-]{subsection.3.4.5}{3.4.5 Abgabe}{section.3.4}
\BOOKMARK [0][]{section*.2}{Literatur}{}
