<CommonBaseEvent creationTime="2006-02-04T15:45:11.322Z" version="1.0.1">
	<extendedDataElements name="CommonBaseEventLogRecord:sequenceNumber" type="long">
		<values>0</values>
	</extendedDataElements>
	<extendedDataElements name="CommonBaseEventLogRecord:threadID" type="int">
		<values>10</values>
	</extendedDataElements>
	<extendedDataElements name="CommonBaseEventLogRecord:level" type="noValue">
		<children name="CommonBaseEventLogRecord:name" type="string">
			<values>INFO</values>
		</children>
		<children name="CommonBaseEventLogRecord:value" type="int">
			<values>800</values>
		</children>
	</extendedDataElements>
	<extendedDataElements name="CommonBaseEventLogRecord:loggerName" type="string">
		<values>org.apache.coyote.http11.Http11Protocol</values>
	</extendedDataElements>
	<extendedDataElements name="CommonBaseEventLogRecord:sourceClassName" type="string">
		<values>org.apache.coyote.http11.Http11Protocol</values>
	</extendedDataElements>
	<extendedDataElements name="CommonBaseEventLogRecord:sourceMethodName" type="string">
		<values>init</values>
	</extendedDataElements>
	<sourceComponentId component="Logging" componentIdType="Application" executionEnvironment="Java" location="192.168.0.100" locationType="IPV4" subComponent="Logger" componentType="Logging_Application"/>
	<msgDataElement>
		<msgCatalogId>Initializing Coyote HTTP/1.1 on port 62367</msgCatalogId>
	</msgDataElement>
	<situation categoryName="ReportSituation">
		<situationType xmlns:xsi="http://www.w3.org/2001/XMLSchema-instance" xsi:type="ReportSituation" reasoningScope="INTERNAL" reportCategory="LOG"/>
	</situation>
</CommonBaseEvent>
<CommonBaseEvent creationTime="2006-02-04T15:45:12.203Z" version="1.0.1">
	<extendedDataElements name="CommonBaseEventLogRecord:sequenceNumber" type="long">
		<values>1</values>
	</extendedDataElements>
	<extendedDataElements name="CommonBaseEventLogRecord:threadID" type="int">
		<values>10</values>
	</extendedDataElements>
	<extendedDataElements name="CommonBaseEventLogRecord:level" type="noValue">
		<children name="CommonBaseEventLogRecord:name" type="string">
			<values>INFO</values>
		</children>
		<children name="CommonBaseEventLogRecord:value" type="int">
			<values>800</values>
		</children>
	</extendedDataElements>
	<extendedDataElements name="CommonBaseEventLogRecord:loggerName" type="string">
		<values>org.apache.coyote.http11.Http11Protocol</values>
	</extendedDataElements>
	<extendedDataElements name="CommonBaseEventLogRecord:sourceClassName" type="string">
		<values>org.apache.coyote.http11.Http11Protocol</values>
	</extendedDataElements>
	<extendedDataElements name="CommonBaseEventLogRecord:sourceMethodName" type="string">
		<values>start</values>
	</extendedDataElements>
	<sourceComponentId component="Logging" componentIdType="Application" executionEnvironment="Java" location="192.168.0.100" locationType="IPV4" subComponent="Logger" componentType="Logging_Application"/>
	<msgDataElement>
		<msgCatalogId>Starting Coyote HTTP/1.1 on port 62367</msgCatalogId>
	</msgDataElement>
	<situation categoryName="ReportSituation">
		<situationType xmlns:xsi="http://www.w3.org/2001/XMLSchema-instance" xsi:type="ReportSituation" reasoningScope="INTERNAL" reportCategory="LOG"/>
	</situation>
</CommonBaseEvent>
