<?xml version="1.0" encoding="UTF-8"?>
<trace:TraceModel xmi:version="2.0"
    xmlns:xmi="http://www.omg.org/XMI"
    xmlns:trace="http://www.eclipse.org/gmf/2006/Trace">
  <nodeTraces
      visualID="2101"
      queryText="(let _eClass_:ecore::EClass = modelFacet.metaClass.ecoreClass in _eClass_.ePackage.nsURI = 'http://sdq.ipd.uka.de/PalladioComponentModel/Repository/1.0' and _eClass_.name = 'Interface') and (let _containmentMF_:ecore::EStructuralFeature = modelFacet.containmentMetaFeature.ecoreFeature in (let _eClass_:ecore::EClass = _containmentMF_.eContainingClass in _eClass_.ePackage.nsURI = 'http://sdq.ipd.uka.de/PalladioComponentModel/Repository/1.0' and _eClass_.name = 'Repository') and _containmentMF_.name = 'interfaces__Repository')">
    <nodeLabelTraces
        visualID="5101"
        queryText="true"/>
    <compartmentTraces
        visualID="7101"
        queryText="true"/>
  </nodeTraces>
  <nodeTraces
      visualID="2102"
      queryText="(let _eClass_:ecore::EClass = modelFacet.metaClass.ecoreClass in _eClass_.ePackage.nsURI = 'http://sdq.ipd.uka.de/PalladioComponentModel/Repository/1.0' and _eClass_.name = 'BasicComponent') and (let _containmentMF_:ecore::EStructuralFeature = modelFacet.containmentMetaFeature.ecoreFeature in (let _eClass_:ecore::EClass = _containmentMF_.eContainingClass in _eClass_.ePackage.nsURI = 'http://sdq.ipd.uka.de/PalladioComponentModel/Repository/1.0' and _eClass_.name = 'Repository') and _containmentMF_.name = 'components__Repository')">
    <nodeLabelTraces
        visualID="5102"
        queryText="true"/>
    <compartmentTraces
        visualID="7102"
        queryText="true"/>
    <compartmentTraces
        visualID="7103"
        queryText="true"/>
    <compartmentTraces
        visualID="7104"
        queryText="true"/>
  </nodeTraces>
  <nodeTraces
      visualID="2103"
      queryText="(let _eClass_:ecore::EClass = modelFacet.metaClass.ecoreClass in _eClass_.ePackage.nsURI = 'http://sdq.ipd.uka.de/PalladioComponentModel/Repository/1.0' and _eClass_.name = 'CompleteComponentType') and (let _containmentMF_:ecore::EStructuralFeature = modelFacet.containmentMetaFeature.ecoreFeature in (let _eClass_:ecore::EClass = _containmentMF_.eContainingClass in _eClass_.ePackage.nsURI = 'http://sdq.ipd.uka.de/PalladioComponentModel/Repository/1.0' and _eClass_.name = 'Repository') and _containmentMF_.name = 'components__Repository')">
    <nodeLabelTraces
        visualID="5103"
        queryText="true"/>
  </nodeTraces>
  <nodeTraces
      visualID="2104"
      queryText="(let _eClass_:ecore::EClass = modelFacet.metaClass.ecoreClass in _eClass_.ePackage.nsURI = 'http://sdq.ipd.uka.de/PalladioComponentModel/Repository/1.0' and _eClass_.name = 'ProvidesComponentType') and (let _containmentMF_:ecore::EStructuralFeature = modelFacet.containmentMetaFeature.ecoreFeature in (let _eClass_:ecore::EClass = _containmentMF_.eContainingClass in _eClass_.ePackage.nsURI = 'http://sdq.ipd.uka.de/PalladioComponentModel/Repository/1.0' and _eClass_.name = 'Repository') and _containmentMF_.name = 'components__Repository')">
    <nodeLabelTraces
        visualID="5104"
        queryText="true"/>
  </nodeTraces>
  <nodeTraces
      visualID="2105"
      queryText="(let _eClass_:ecore::EClass = modelFacet.metaClass.ecoreClass in _eClass_.ePackage.nsURI = 'http://sdq.ipd.uka.de/PalladioComponentModel/Repository/1.0' and _eClass_.name = 'CompositeComponent') and (let _containmentMF_:ecore::EStructuralFeature = modelFacet.containmentMetaFeature.ecoreFeature in (let _eClass_:ecore::EClass = _containmentMF_.eContainingClass in _eClass_.ePackage.nsURI = 'http://sdq.ipd.uka.de/PalladioComponentModel/Repository/1.0' and _eClass_.name = 'Repository') and _containmentMF_.name = 'components__Repository')">
    <nodeLabelTraces
        visualID="5105"
        queryText="true"/>
  </nodeTraces>
  <nodeTraces
      visualID="2106"
      queryText="(let _eClass_:ecore::EClass = modelFacet.metaClass.ecoreClass in _eClass_.ePackage.nsURI = 'http://sdq.ipd.uka.de/PalladioComponentModel/SubSystem/1.0' and _eClass_.name = 'SubSystem') and (let _containmentMF_:ecore::EStructuralFeature = modelFacet.containmentMetaFeature.ecoreFeature in (let _eClass_:ecore::EClass = _containmentMF_.eContainingClass in _eClass_.ePackage.nsURI = 'http://sdq.ipd.uka.de/PalladioComponentModel/Repository/1.0' and _eClass_.name = 'Repository') and _containmentMF_.name = 'components__Repository')">
    <nodeLabelTraces
        visualID="5107"
        queryText="true"/>
  </nodeTraces>
  <childNodeTraces
      visualID="3101"
      queryText="(let _eClass_:ecore::EClass = modelFacet.metaClass.ecoreClass in _eClass_.ePackage.nsURI = 'http://sdq.ipd.uka.de/PalladioComponentModel/Repository/1.0' and _eClass_.name = 'Signature') and (let _containmentMF_:ecore::EStructuralFeature = modelFacet.containmentMetaFeature.ecoreFeature in (let _eClass_:ecore::EClass = _containmentMF_.eContainingClass in _eClass_.ePackage.nsURI = 'http://sdq.ipd.uka.de/PalladioComponentModel/Repository/1.0' and _eClass_.name = 'Interface') and _containmentMF_.name = 'signatures__Interface')"/>
  <childNodeTraces
      visualID="3102"
      queryText="(let _eClass_:ecore::EClass = modelFacet.metaClass.ecoreClass in _eClass_.ePackage.nsURI = 'http://sdq.ipd.uka.de/PalladioComponentModel/SEFF/1.0' and _eClass_.name = 'ResourceDemandingSEFF') and (let _containmentMF_:ecore::EStructuralFeature = modelFacet.containmentMetaFeature.ecoreFeature in (let _eClass_:ecore::EClass = _containmentMF_.eContainingClass in _eClass_.ePackage.nsURI = 'http://sdq.ipd.uka.de/PalladioComponentModel/Repository/1.0' and _eClass_.name = 'BasicComponent') and _containmentMF_.name = 'serviceEffectSpecifications__BasicComponent')"/>
  <childNodeTraces
      visualID="3103"
      queryText="(let _eClass_:ecore::EClass = modelFacet.metaClass.ecoreClass in _eClass_.ePackage.nsURI = 'http://sdq.ipd.uka.de/PalladioComponentModel/Repository/1.0' and _eClass_.name = 'PassiveResource') and (let _containmentMF_:ecore::EStructuralFeature = modelFacet.containmentMetaFeature.ecoreFeature in (let _eClass_:ecore::EClass = _containmentMF_.eContainingClass in _eClass_.ePackage.nsURI = 'http://sdq.ipd.uka.de/PalladioComponentModel/Repository/1.0' and _eClass_.name = 'BasicComponent') and _containmentMF_.name = 'passiveResource_BasicComponent')"/>
  <childNodeTraces
      visualID="3104"
      queryText="(let _eClass_:ecore::EClass = modelFacet.metaClass.ecoreClass in _eClass_.ePackage.nsURI = 'http://sdq.ipd.uka.de/PalladioComponentModel/Parameter/1.0' and _eClass_.name = 'VariableUsage') and (let _containmentMF_:ecore::EStructuralFeature = modelFacet.containmentMetaFeature.ecoreFeature in (let _eClass_:ecore::EClass = _containmentMF_.eContainingClass in _eClass_.ePackage.nsURI = 'http://sdq.ipd.uka.de/PalladioComponentModel/Repository/1.0' and _eClass_.name = 'ImplementationComponentType') and _containmentMF_.name = 'componentParameterUsage_ImplementationComponentType')">
    <nodeLabelTraces
        visualID="5106"
        queryText="true"/>
    <compartmentTraces
        visualID="7105"
        queryText="true"/>
  </childNodeTraces>
  <childNodeTraces
      visualID="3105"
      queryText="(let _eClass_:ecore::EClass = modelFacet.metaClass.ecoreClass in _eClass_.ePackage.nsURI = 'http://sdq.ipd.uka.de/PalladioComponentModel/Parameter/1.0' and _eClass_.name = 'VariableCharacterisation') and (let _containmentMF_:ecore::EStructuralFeature = modelFacet.containmentMetaFeature.ecoreFeature in (let _eClass_:ecore::EClass = _containmentMF_.eContainingClass in _eClass_.ePackage.nsURI = 'http://sdq.ipd.uka.de/PalladioComponentModel/Parameter/1.0' and _eClass_.name = 'VariableUsage') and _containmentMF_.name = 'variableCharacterisation_VariableUsage')"/>
  <linkTraces
      visualID="4101"
      queryText="modelFacet.oclIsKindOf(gmfgen::TypeLinkModelFacet) and (let _eClass_:ecore::EClass = modelFacet.oclAsType(gmfgen::TypeLinkModelFacet).metaClass.ecoreClass in _eClass_.ePackage.nsURI = 'http://sdq.ipd.uka.de/PalladioComponentModel/Repository/1.0' and _eClass_.name = 'ProvidedRole')">
    <linkLabelTraces
        visualID="6101"
        queryText="true"/>
  </linkTraces>
  <linkTraces
      visualID="4102"
      queryText="modelFacet.oclIsKindOf(gmfgen::TypeLinkModelFacet) and (let _eClass_:ecore::EClass = modelFacet.oclAsType(gmfgen::TypeLinkModelFacet).metaClass.ecoreClass in _eClass_.ePackage.nsURI = 'http://sdq.ipd.uka.de/PalladioComponentModel/Repository/1.0' and _eClass_.name = 'RequiredRole')">
    <linkLabelTraces
        visualID="6102"
        queryText="true"/>
  </linkTraces>
  <linkTraces
      visualID="4103"
      queryText="modelFacet.oclIsKindOf(gmfgen::FeatureLinkModelFacet) and (let _feature_:ecore::EStructuralFeature = modelFacet.oclAsType(gmfgen::FeatureLinkModelFacet).metaFeature.ecoreFeature in (let _eClass_:ecore::EClass = _feature_.eContainingClass in _eClass_.ePackage.nsURI = 'http://sdq.ipd.uka.de/PalladioComponentModel/Repository/1.0' and _eClass_.name = 'ImplementationComponentType') and _feature_.name = 'parentCompleteComponentTypes')">
    <linkLabelTraces
        visualID="6103"
        queryText="true"/>
  </linkTraces>
  <linkTraces
      visualID="4104"
      queryText="modelFacet.oclIsKindOf(gmfgen::FeatureLinkModelFacet) and (let _feature_:ecore::EStructuralFeature = modelFacet.oclAsType(gmfgen::FeatureLinkModelFacet).metaFeature.ecoreFeature in (let _eClass_:ecore::EClass = _feature_.eContainingClass in _eClass_.ePackage.nsURI = 'http://sdq.ipd.uka.de/PalladioComponentModel/Repository/1.0' and _eClass_.name = 'CompleteComponentType') and _feature_.name = 'parentProvidesComponentTypes')">
    <linkLabelTraces
        visualID="6104"
        queryText="true"/>
  </linkTraces>
  <linkTraces
      visualID="4105"
      queryText="modelFacet.oclIsKindOf(gmfgen::TypeLinkModelFacet) and (let _eClass_:ecore::EClass = modelFacet.oclAsType(gmfgen::TypeLinkModelFacet).metaClass.ecoreClass in _eClass_.ePackage.nsURI = 'http://sdq.ipd.uka.de/PalladioComponentModel/Repository/1.0' and _eClass_.name = 'ResourceRequiredRole')">
    <linkLabelTraces
        visualID="6105"
        queryText="true"/>
  </linkTraces>
</trace:TraceModel>
