This is pdfeTeX, Version 3.141592-1.20a-rc1-2.1 (MiKTeX 2.4) (preloaded format=latex 2004.6.5)  6 MAR 2005 15:52
entering extended mode
**C:/Dokumente*und*Einstellungen/K*User/Desktop/CM/Palladio.ComponentModel/Tech
Report*Component*Model/Palladio.ComponentModel-Layered/CM-Layers.tex

(C:/Dokumente und Einstellungen/K User/Desktop/CM/Palladio.ComponentModel/TechR
eport Component Model/Palladio.ComponentModel-Layered/CM-Layers.tex
LaTeX2e <2003/12/01>
Babel <v3.8a> and hyphenation patterns for english, french, german, ngerman, du
mylang, nohyphenation, loaded.
(C:\programme\miktex\tex\latex\base\article.cls
Document Class: article 2004/02/16 v1.4f Standard LaTeX document class
(C:\programme\miktex\tex\latex\base\size12.clo
File: size12.clo 2004/02/16 v1.4f Standard LaTeX file (size option)
)
\c@part=\count79
\c@section=\count80
\c@subsection=\count81
\c@subsubsection=\count82
\c@paragraph=\count83
\c@subparagraph=\count84
\c@figure=\count85
\c@table=\count86
\abovecaptionskip=\skip41
\belowcaptionskip=\skip42
\bibindent=\dimen102
)
(C:\programme\miktex\tex\latex\base\inputenc.sty
Package: inputenc 2004/02/05 v1.0d Input encoding file

(C:\programme\miktex\tex\latex\base\latin1.def
File: latin1.def 2004/02/05 v1.0d Input encoding file
))
(C:\programme\miktex\tex\latex\graphics\graphicx.sty
Package: graphicx 1999/02/16 v1.0f Enhanced LaTeX Graphics (DPC,SPQR)

(C:\programme\miktex\tex\latex\graphics\keyval.sty
Package: keyval 1999/03/16 v1.13 key=value parser (DPC)
\KV@toks@=\toks14
)
(C:\programme\miktex\tex\latex\graphics\graphics.sty
Package: graphics 2001/07/07 v1.0n Standard LaTeX Graphics (DPC,SPQR)

(C:\programme\miktex\tex\latex\graphics\trig.sty
Package: trig 1999/03/16 v1.09 sin cos tan (DPC)
)
(C:\programme\miktex\tex\latex\00miktex\graphics.cfg
File: graphics.cfg 2003/03/12 v1.1 MiKTeX 'graphics' configuration
)
Package graphics Info: Driver file: pdftex.def on input line 80.

(C:\programme\miktex\tex\latex\graphics\pdftex.def
File: pdftex.def 2002/06/19 v0.03k graphics/color for pdftex
\Gread@gobject=\count87
))
\Gin@req@height=\dimen103
\Gin@req@width=\dimen104
)
(C:\programme\miktex\tex\latex\geometry\geometry.sty
Package: geometry 2002/07/08 v3.2 Page Geometry
\Gm@cnth=\count88
\Gm@cntv=\count89
\c@Gm@tempcnt=\count90
\Gm@bindingoffset=\dimen105
\Gm@wd@mp=\dimen106
\Gm@odd@mp=\dimen107
\Gm@even@mp=\dimen108
\Gm@dimlist=\toks15

(C:\programme\miktex\tex\latex\geometry\geometry.cfg)) (CM-Layers.aux)
LaTeX Font Info:    Checking defaults for OML/cmm/m/it on input line 46.
LaTeX Font Info:    ... okay on input line 46.
LaTeX Font Info:    Checking defaults for T1/cmr/m/n on input line 46.
LaTeX Font Info:    ... okay on input line 46.
LaTeX Font Info:    Checking defaults for OT1/cmr/m/n on input line 46.
LaTeX Font Info:    ... okay on input line 46.
LaTeX Font Info:    Checking defaults for OMS/cmsy/m/n on input line 46.
LaTeX Font Info:    ... okay on input line 46.
LaTeX Font Info:    Checking defaults for OMX/cmex/m/n on input line 46.
LaTeX Font Info:    ... okay on input line 46.
LaTeX Font Info:    Checking defaults for U/cmr/m/n on input line 46.
LaTeX Font Info:    ... okay on input line 46.

(C:\programme\miktex\tex\context\base\supp-pdf.tex
(C:\programme\miktex\tex\context\base\supp-mis.tex
loading : Context Support Macros / Miscellaneous 
\protectiondepth=\count91
\scratchcounter=\count92
\scratchtoks=\toks16
\scratchdimen=\dimen109
\scratchskip=\skip43
\scratchmuskip=\muskip10
\scratchbox=\box26
\scratchread=\read1
\scratchwrite=\write3
\zeropoint=\dimen110
\onepoint=\dimen111
\minusone=\count93
\thousandpoint=\dimen112
\emptytoks=\toks17
\nextbox=\box27
\nextdepth=\dimen113
\everyline=\toks18
\!!counta=\count94
\!!countb=\count95
\recursecounter=\count96
)
loading : Context Support Macros / PDF (2004.03.26)
\nofMPsegments=\count97
\nofMParguments=\count98
\everyMPtoPDFconversion=\toks19
)
-------------------- Geometry parameters
paper: a4paper
landscape: --
twocolumn: --
twoside: --
asymmetric: --
h-parts: 71.13188pt, 455.24411pt, 71.13188pt
v-parts: 71.13188pt, 702.78308pt, 71.13188pt
hmarginratio: --
vmarginratio: --
lines: --
heightrounded: --
bindingoffset: 0.0pt
truedimen: --
includehead: --
includefoot: --
includemp: --
driver: pdftex
-------------------- Page layout dimensions and switches
\paperwidth  597.50787pt
\paperheight 845.04684pt
\textwidth  455.24411pt
\textheight 702.78308pt
\oddsidemargin  -1.1381pt
\evensidemargin -1.1381pt
\topmargin  -38.1381pt
\headheight 12.0pt
\headsep    25.0pt
\footskip   30.0pt
\marginparwidth 35.0pt
\marginparsep   10.0pt
\columnsep  10.0pt
\skip\footins  10.8pt plus 4.0pt minus 2.0pt
\hoffset 0.0pt
\voffset 0.0pt
\mag 1000

(1in=72.27pt, 1cm=28.45pt)
-----------------------
LaTeX Font Info:    External font `cmex10' loaded for size
(Font)              <14.4> on input line 47.
LaTeX Font Info:    External font `cmex10' loaded for size
(Font)              <7> on input line 47.
 (CM-Layers.toc
LaTeX Font Info:    External font `cmex10' loaded for size
(Font)              <12> on input line 2.
LaTeX Font Info:    External font `cmex10' loaded for size
(Font)              <8> on input line 2.
LaTeX Font Info:    External font `cmex10' loaded for size
(Font)              <6> on input line 2.
)
\tf@toc=\write4
 [1

{psfonts.map}]
<images/architectural-blocks01.pdf, id=14, 813.74884pt x 398.3386pt>
File: images/architectural-blocks01.pdf Graphic file (type pdf)

<use images/architectural-blocks01.pdf>
LaTeX Font Info:    Try loading font information for OMS+cmr on input line 79.

(C:\programme\miktex\tex\latex\base\omscmr.fd
File: omscmr.fd 1999/05/25 v2.5h Standard LaTeX font definitions
)
LaTeX Font Info:    Font shape `OMS/cmr/m/n' in size <12> not available
(Font)              Font shape `OMS/cmsy/m/n' tried instead on input line 79.
 [2 <images/architectural-blocks01.pdf>] <images/connections01.pdf, id=49, 256.
0748pt x 85.35826pt>
File: images/connections01.pdf Graphic file (type pdf)

<use images/connections01.pdf> [3]
<images/service-effect01.pdf, id=53, 540.60233pt x 227.62204pt>
File: images/service-effect01.pdf Graphic file (type pdf)

<use images/service-effect01.pdf> [4 <images/connections01.pdf> <images/service
-effect01.pdf>]
<images/provides-protocol01.pdf, id=83, 327.2067pt x 99.58464pt>
File: images/provides-protocol01.pdf Graphic file (type pdf)

<use images/provides-protocol01.pdf> [5 <images/provides-protocol01.pdf>]
<images/GUID01.pdf, id=106, 341.43306pt x 341.43306pt>
File: images/GUID01.pdf Graphic file (type pdf)
 <use images/GUID01.pdf>
[6 <images/GUID01.pdf>]
Overfull \hbox (16.1871pt too wide) in paragraph at lines 198--199
\OT1/cmr/m/n/12 model is split into three lay-ers: the type-level, the implemen
tations-level, and the deployment-
 []


<images/meta-scheme-implementation-layers01.pdf, id=132, 597.50786pt x 526.3759
6pt>
File: images/meta-scheme-implementation-layers01.pdf Graphic file (type pdf)
 <use images/meta-scheme-implementation-layers01.pdf> [7 <images/meta-scheme-im
plementation-layers01.pdf>] [8]
<images/attributes-example01.pdf, id=162, 597.50786pt x 625.96065pt>
File: images/attributes-example01.pdf Graphic file (type pdf)

<use images/attributes-example01.pdf> [9 <images/attributes-example01.pdf>]
<images/requires-protocol01.pdf, id=188, 2276.22049pt x 682.86612pt>
File: images/requires-protocol01.pdf Graphic file (type pdf)

<use images/requires-protocol01.pdf> [10]
<images/level-example01.pdf, id=195, 597.50786pt x 512.1496pt>
File: images/level-example01.pdf Graphic file (type pdf)

<use images/level-example01.pdf> [11 <images/requires-protocol01.pdf>] [12 <ima
ges/level-example01.pdf>] [13] [14]
<images/composite-component01.pdf, id=262, 384.11223pt x 85.35826pt>
File: images/composite-component01.pdf Graphic file (type pdf)

<use images/composite-component01.pdf> [15 <images/composite-component01.pdf>]
[16] (CM-Layers.bbl
Overfull \hbox (28.39392pt too wide) in paragraph at lines 26--29
\OT1/cmr/m/n/12 http://www.sei.cmu.edu/publications/documents/04.reports/04tr00
8/04tr008chap03.html,
 []

) [17] (CM-Layers.aux) ) 
Here is how much of TeX's memory you used:
 1445 strings out of 95529
 18810 string characters out of 1189658
 69947 words of memory out of 1069628
 4487 multiletter control sequences out of 35000
 9507 words of font info for 33 fonts, out of 500000 for 1000
 14 hyphenation exceptions out of 607
 25i,7n,19p,1107b,211s stack positions out of 1500i,500n,5000p,200000b,32768s
 293 PDF objects out of 300000
 0 named destinations out of 300000
 51 words of extra memory for PDF output out of 65536
<C:\programme\miktex\fonts\type1\bluesky\cm\cmmi8.pfb><
C:\programme\miktex\fonts\type1\bluesky\cm\cmr8.pfb><C:\programme\miktex\fonts\
type1\bluesky\cm\cmmi12.pfb><C:\programme\miktex\fonts\type1\bluesky\cm\cmti12.
pfb><C:\programme\miktex\fonts\type1\bluesky\cm\cmsy10.pfb><C:\programme\miktex
\fonts\type1\bluesky\cm\cmsl12.pfb><C:\programme\miktex\fonts\type1\bluesky\cm\
cmbx12.pfb><C:\programme\miktex\fonts\type1\bluesky\cm\cmr12.pfb><C:\programme\
miktex\fonts\type1\bluesky\cm\cmr17.pfb>
Output written on CM-Layers.pdf (17 pages, 282559 bytes).
