<?xml version="1.0" encoding="UTF-8"?>
<trace:TraceModel xmi:version="2.0"
    xmlns:xmi="http://www.omg.org/XMI"
    xmlns:trace="http://www.eclipse.org/gmf/2006/Trace">
  <nodeTraces
      visualID="2002"
      queryText="let _eClass_:ecore::EClass = modelFacet.metaClass.ecoreClass in _eClass_.ePackage.nsURI = 'http://sdq.ipd.uka.de/PalladioComponentModel/ResourceEnvironment/1.0' and _eClass_.name = 'ResourceContainer'">
    <nodeLabelTraces
        visualID="5003"
        queryText="true"/>
    <compartmentTraces
        visualID="7002"
        queryText="true"/>
  </nodeTraces>
  <childNodeTraces
      visualID="3001"
      queryText="(let _eClass_:ecore::EClass = modelFacet.metaClass.ecoreClass in _eClass_.ePackage.nsURI = 'http://sdq.ipd.uka.de/PalladioComponentModel/Allocation/1.0' and _eClass_.name = 'AllocationContext') and (let _containmentMF_:ecore::EStructuralFeature = modelFacet.containmentMetaFeature.ecoreFeature in (let _eClass_:ecore::EClass = _containmentMF_.eContainingClass in _eClass_.ePackage.nsURI = 'http://sdq.ipd.uka.de/PalladioComponentModel/Allocation/1.0' and _eClass_.name = 'Allocation') and _containmentMF_.name = 'allocationContexts_Allocation')">
    <nodeLabelTraces
        visualID="5001"
        queryText="true"/>
    <nodeLabelTraces
        visualID="5005"
        queryText="true"/>
  </childNodeTraces>
</trace:TraceModel>
